Using pre-set license
Built from '2021.3/staging' branch; Version is '2021.3.23f1 (213b516bf396) revision 2177873'; Using compiler version '192829333'; Build Type 'Release'
OS: 'Windows 10  (10.0.19045) 64bit Core' Language: 'de' Physical Memory: 8001 MB
BatchMode: 1, IsHumanControllingUs: 0, StartBugReporterOnCrash: 0, Is64bit: 1, IsPro: 1

COMMAND LINE ARGUMENTS:
C:\Program Files\Unity\Hub\Editor\2021.3.23f1\Editor\Unity.exe
-adb2
-batchMode
-noUpm
-name
AssetImportWorker1
-projectPath
D:/studium/unity/Projekt3_New/Unity/My project
-logFile
Logs/AssetImportWorker1.log
-srvPort
52992
Successfully changed project path to: D:/studium/unity/Projekt3_New/Unity/My project
D:/studium/unity/Projekt3_New/Unity/My project
[UnityMemory] Configuration Parameters - Can be set up in boot.config
    "memorysetup-bucket-allocator-granularity=16"
    "memorysetup-bucket-allocator-bucket-count=8"
    "memorysetup-bucket-allocator-block-size=33554432"
    "memorysetup-bucket-allocator-block-count=8"
    "memorysetup-main-allocator-block-size=16777216"
    "memorysetup-thread-allocator-block-size=16777216"
    "memorysetup-gfx-main-allocator-block-size=16777216"
    "memorysetup-gfx-thread-allocator-block-size=16777216"
    "memorysetup-cache-allocator-block-size=4194304"
    "memorysetup-typetree-allocator-block-size=2097152"
    "memorysetup-profiler-bucket-allocator-granularity=16"
    "memorysetup-profiler-bucket-allocator-bucket-count=8"
    "memorysetup-profiler-bucket-allocator-block-size=33554432"
    "memorysetup-profiler-bucket-allocator-block-count=8"
    "memorysetup-profiler-allocator-block-size=16777216"
    "memorysetup-profiler-editor-allocator-block-size=1048576"
    "memorysetup-temp-allocator-size-main=16777216"
    "memorysetup-job-temp-allocator-block-size=2097152"
    "memorysetup-job-temp-allocator-block-size-background=1048576"
    "memorysetup-job-temp-allocator-reduction-small-platforms=262144"
    "memorysetup-temp-allocator-size-background-worker=32768"
    "memorysetup-temp-allocator-size-job-worker=262144"
    "memorysetup-temp-allocator-size-preload-manager=33554432"
    "memorysetup-temp-allocator-size-nav-mesh-worker=65536"
    "memorysetup-temp-allocator-size-audio-worker=65536"
    "memorysetup-temp-allocator-size-cloud-worker=32768"
    "memorysetup-temp-allocator-size-gi-baking-worker=262144"
    "memorysetup-temp-allocator-size-gfx=262144"
Player connection [1708] Host "[IP] 192.168.60.97 [Port] 0 [Flags] 2 [Guid] 4053491416 [EditorId] 4053491416 [Version] 1048832 [Id] WindowsEditor(7,DESKTOP-Q8TMGNV) [Debug] 1 [PackageName] WindowsEditor [ProjectName] Editor" joined multi-casting on [225.0.0.222:54997]...

Player connection [1708] Host "[IP] 192.168.60.97 [Port] 0 [Flags] 2 [Guid] 4053491416 [EditorId] 4053491416 [Version] 1048832 [Id] WindowsEditor(7,DESKTOP-Q8TMGNV) [Debug] 1 [PackageName] WindowsEditor [ProjectName] Editor" joined alternative multi-casting on [225.0.0.222:34997]...

Refreshing native plugins compatible for Editor in 228.13 ms, found 3 plugins.
Preloading 0 native plugins for Editor in 0.00 ms.
Initialize engine version: 2021.3.23f1 (213b516bf396)
[Subsystems] Discovering subsystems at path C:/Program Files/Unity/Hub/Editor/2021.3.23f1/Editor/Data/Resources/UnitySubsystems
[Subsystems] Discovering subsystems at path D:/studium/unity/Projekt3_New/Unity/My project/Assets
GfxDevice: creating device client; threaded=0; jobified=0
Direct3D:
    Version:  Direct3D 11.0 [level 11.0]
    Renderer: NVIDIA GeForce GTX 960M (ID=0x139b)
    Vendor:   NVIDIA
    VRAM:     2017 MB
    Driver:   22.21.13.8205
Initialize mono
Mono path[0] = 'C:/Program Files/Unity/Hub/Editor/2021.3.23f1/Editor/Data/Managed'
Mono path[1] = 'C:/Program Files/Unity/Hub/Editor/2021.3.23f1/Editor/Data/MonoBleedingEdge/lib/mono/unityjit-win32'
Mono config path = 'C:/Program Files/Unity/Hub/Editor/2021.3.23f1/Editor/Data/MonoBleedingEdge/etc'
Using monoOptions --debugger-agent=transport=dt_socket,embedding=1,server=y,suspend=n,address=127.0.0.1:56528
Begin MonoManager ReloadAssembly
Registering precompiled unity dll's ...
Register platform support module: C:/Program Files/Unity/Hub/Editor/2021.3.23f1/Editor/Data/PlaybackEngines/WindowsStandaloneSupport/UnityEditor.WindowsStandalone.Extensions.dll
Registered in 0.047509 seconds.
Native extension for WindowsStandalone target not found
Refreshing native plugins compatible for Editor in 283.80 ms, found 3 plugins.
Preloading 0 native plugins for Editor in 0.00 ms.
Mono: successfully reloaded assembly
- Completed reload, in  2.762 seconds
Domain Reload Profiling:
	ReloadAssembly (2763ms)
		BeginReloadAssembly (512ms)
			ExecutionOrderSort (0ms)
			DisableScriptedObjects (0ms)
			BackupInstance (0ms)
			ReleaseScriptingObjects (0ms)
			CreateAndSetChildDomain (2ms)
		EndReloadAssembly (1861ms)
			LoadAssemblies (500ms)
			RebuildTransferFunctionScriptingTraits (0ms)
			SetupTypeCache (559ms)
			ReleaseScriptCaches (0ms)
			RebuildScriptCaches (107ms)
			SetupLoadedEditorAssemblies (1023ms)
				LogAssemblyErrors (0ms)
				InitializePlatformSupportModulesInManaged (51ms)
				SetLoadedEditorAssemblies (0ms)
				RefreshPlugins (284ms)
				BeforeProcessingInitializeOnLoad (3ms)
				ProcessInitializeOnLoadAttributes (530ms)
				ProcessInitializeOnLoadMethodAttributes (154ms)
				AfterProcessingInitializeOnLoad (0ms)
				EditorAssembliesLoaded (0ms)
			ExecutionOrderSort2 (0ms)
			AwakeInstancesAfterBackupRestoration (0ms)
Platform modules already initialized, skipping
Registering precompiled user dll's ...
Registered in 0.041938 seconds.
Begin MonoManager ReloadAssembly
Symbol file LoadedFromMemory doesn't match image D:\studium\unity\Projekt3_New\Unity\My project\Library\PackageCache\com.unity.visualscripting@1.8.0\Editor\VisualScripting.Core\Dependencies\YamlDotNet\Unity.VisualScripting.YamlDotNet.dll
Symbol file LoadedFromMemory doesn't match image D:\studium\unity\Projekt3_New\Unity\My project\Library\PackageCache\com.unity.visualscripting@1.8.0\Editor\VisualScripting.Core\Dependencies\DotNetZip\Unity.VisualScripting.IonicZip.dll
Native extension for WindowsStandalone target not found
Refreshing native plugins compatible for Editor in 0.69 ms, found 3 plugins.
Preloading 0 native plugins for Editor in 0.00 ms.
Mono: successfully reloaded assembly
- Completed reload, in  4.508 seconds
Domain Reload Profiling:
	ReloadAssembly (4515ms)
		BeginReloadAssembly (466ms)
			ExecutionOrderSort (0ms)
			DisableScriptedObjects (12ms)
			BackupInstance (0ms)
			ReleaseScriptingObjects (0ms)
			CreateAndSetChildDomain (53ms)
		EndReloadAssembly (3667ms)
			LoadAssemblies (412ms)
			RebuildTransferFunctionScriptingTraits (0ms)
			SetupTypeCache (1083ms)
			ReleaseScriptCaches (1ms)
			RebuildScriptCaches (194ms)
			SetupLoadedEditorAssemblies (1899ms)
				LogAssemblyErrors (0ms)
				InitializePlatformSupportModulesInManaged (18ms)
				SetLoadedEditorAssemblies (1ms)
				RefreshPlugins (1ms)
				BeforeProcessingInitializeOnLoad (747ms)
				ProcessInitializeOnLoadAttributes (1037ms)
				ProcessInitializeOnLoadMethodAttributes (52ms)
				AfterProcessingInitializeOnLoad (44ms)
				EditorAssembliesLoaded (0ms)
			ExecutionOrderSort2 (0ms)
			AwakeInstancesAfterBackupRestoration (13ms)
Platform modules already initialized, skipping
========================================================================
Worker process is ready to serve import requests
Launched and connected shader compiler UnityShaderCompiler.exe after 0.35 seconds
Refreshing native plugins compatible for Editor in 1.63 ms, found 3 plugins.
Preloading 0 native plugins for Editor in 0.00 ms.
Unloading 3048 Unused Serialized files (Serialized files now loaded: 0)
Unloading 24 unused Assets / (113.4 KB). Loaded Objects now: 3510.
Memory consumption went from 107.6 MB to 107.5 MB.
Total: 9.692000 ms (FindLiveObjects: 1.710700 ms CreateObjectMapping: 0.449400 ms MarkObjects: 7.370500 ms  DeleteObjects: 0.160000 ms)

AssetImportParameters requested are different than current active one (requested -> active):
  custom:video-decoder-ogg-theora: a1e56fd34408186e4bbccfd4996cb3dc -> 
  custom:container-muxer-webm: aa71ff27fc2769a1b78a27578f13a17b -> 
  custom:container-demuxer-webm: 4f35f7cbe854078d1ac9338744f61a02 -> 
  custom:video-encoder-webm-vp8: eb34c28f22e8b96e1ab97ce403110664 -> 
  custom:video-codec-MediaFoundation-h265: 746d11721c4dcdbdad8f713fa42b33f4 -> 
  custom:audio-encoder-webm-vorbis: bf7c407c2cedff20999df2af8eb42d56 -> 
  custom:framework-win-MediaFoundation: 216162199b28c13a410421893ffa2e32 -> 
  custom:container-demuxer-ogg: 62fdf1f143b41e24485cea50d1cbac27 -> 
  custom:video-decoder-webm-vp8: 9c59270c3fd7afecdb556c50c9e8de78 -> 
  custom:audio-decoder-ogg-vorbis: bf7c407c2cedff20999df2af8eb42d56 -> 
========================================================================
Received Import Request.
  Time since last request: 33955.867089 seconds.
  path: Assets/LightningBolt/LightningBoltMaterialAdditive.mat
  artifactKey: Guid(e06ba9469eab2774f8c96527e1f9982e) Importer(815301076,1909f56bfc062723c751e8b465ee728b)
Start importing Assets/LightningBolt/LightningBoltMaterialAdditive.mat using Guid(e06ba9469eab2774f8c96527e1f9982e) Importer(815301076,1909f56bfc062723c751e8b465ee728b)  -> (artifact id: '6812e47f3dbf8e54918cc976359d21a0') in 0.317235 seconds 
========================================================================
Received Import Request.
  Time since last request: 0.000472 seconds.
  path: Assets/LightningBolt/LightningBoltMaterialAlphaBlend.mat
  artifactKey: Guid(be0b7488e7fc09f40a96c106df4d461a) Importer(815301076,1909f56bfc062723c751e8b465ee728b)
Start importing Assets/LightningBolt/LightningBoltMaterialAlphaBlend.mat using Guid(be0b7488e7fc09f40a96c106df4d461a) Importer(815301076,1909f56bfc062723c751e8b465ee728b)  -> (artifact id: '1b12445b8fe9892b1fa89f591cc4d477') in 0.042551 seconds 
========================================================================
Received Import Request.
  Time since last request: 0.000026 seconds.
  path: Assets/LightningBolt
  artifactKey: Guid(a901cdb2a0b52124c856405e793efd44) Importer(815301076,1909f56bfc062723c751e8b465ee728b)
Start importing Assets/LightningBolt using Guid(a901cdb2a0b52124c856405e793efd44) Importer(815301076,1909f56bfc062723c751e8b465ee728b)  -> (artifact id: 'a942699035e62f9dbd84913235258ce7') in 0.006387 seconds 
========================================================================
Received Import Request.
  Time since last request: 0.000064 seconds.
  path: Assets/LightningBolt/SimpleLightningBoltPrefab.prefab
  artifactKey: Guid(a9892f6a83fd8d4468ce0c8a3d09d3cd) Importer(815301076,1909f56bfc062723c751e8b465ee728b)
Start importing Assets/LightningBolt/SimpleLightningBoltPrefab.prefab using Guid(a9892f6a83fd8d4468ce0c8a3d09d3cd) Importer(815301076,1909f56bfc062723c751e8b465ee728b)  -> (artifact id: 'da756d427bd89262efaee864122ccf5e') in 0.052312 seconds 
========================================================================
Received Import Request.
  Time since last request: 0.000021 seconds.
  path: Assets/LightningBolt/LightningBoltMaterialAnimatedAdditive.mat
  artifactKey: Guid(db99378546970474d8e54ba6db10a9c4) Importer(815301076,1909f56bfc062723c751e8b465ee728b)
Start importing Assets/LightningBolt/LightningBoltMaterialAnimatedAdditive.mat using Guid(db99378546970474d8e54ba6db10a9c4) Importer(815301076,1909f56bfc062723c751e8b465ee728b)  -> (artifact id: '2a04ef8e1860e7b7df78464b8ac4eec6') in 0.046385 seconds 
========================================================================
Received Import Request.
  Time since last request: 0.000030 seconds.
  path: Assets/LightningBolt/Textures/LightningSpriteSheet3.png
  artifactKey: Guid(f34dfd90ebe10f7479693cff19f0d204) Importer(815301076,1909f56bfc062723c751e8b465ee728b)
Start importing Assets/LightningBolt/Textures/LightningSpriteSheet3.png using Guid(f34dfd90ebe10f7479693cff19f0d204) Importer(815301076,1909f56bfc062723c751e8b465ee728b)  -> (artifact id: 'd4d8bfdb9d78702aa602bb342ab4d439') in 0.216293 seconds 
========================================================================
Received Import Request.
  Time since last request: 0.000039 seconds.
  path: Assets/LightningBolt/SimpleLightningBoltAnimatedPrefab.prefab
  artifactKey: Guid(2736bbc2f2c78a949957b0719c2992bd) Importer(815301076,1909f56bfc062723c751e8b465ee728b)
Start importing Assets/LightningBolt/SimpleLightningBoltAnimatedPrefab.prefab using Guid(2736bbc2f2c78a949957b0719c2992bd) Importer(815301076,1909f56bfc062723c751e8b465ee728b)  -> (artifact id: '0c2fed8a7902bda3f27a67bd20b8a8b1') in 0.055416 seconds 
========================================================================
Received Prepare
Registering precompiled user dll's ...
Registered in 0.019144 seconds.
Begin MonoManager ReloadAssembly
Symbol file LoadedFromMemory doesn't match image D:\studium\unity\Projekt3_New\Unity\My project\Library\PackageCache\com.unity.visualscripting@1.8.0\Editor\VisualScripting.Core\Dependencies\YamlDotNet\Unity.VisualScripting.YamlDotNet.dll
Symbol file LoadedFromMemory doesn't match image D:\studium\unity\Projekt3_New\Unity\My project\Library\PackageCache\com.unity.visualscripting@1.8.0\Editor\VisualScripting.Core\Dependencies\DotNetZip\Unity.VisualScripting.IonicZip.dll
Native extension for WindowsStandalone target not found
Refreshing native plugins compatible for Editor in 1.29 ms, found 3 plugins.
Preloading 0 native plugins for Editor in 0.00 ms.
Mono: successfully reloaded assembly
- Completed reload, in 14.626 seconds
Domain Reload Profiling:
	ReloadAssembly (14629ms)
		BeginReloadAssembly (2000ms)
			ExecutionOrderSort (0ms)
			DisableScriptedObjects (72ms)
			BackupInstance (0ms)
			ReleaseScriptingObjects (0ms)
			CreateAndSetChildDomain (470ms)
		EndReloadAssembly (11000ms)
			LoadAssemblies (1388ms)
			RebuildTransferFunctionScriptingTraits (0ms)
			SetupTypeCache (3875ms)
			ReleaseScriptCaches (2ms)
			RebuildScriptCaches (684ms)
			SetupLoadedEditorAssemblies (4604ms)
				LogAssemblyErrors (0ms)
				InitializePlatformSupportModulesInManaged (123ms)
				SetLoadedEditorAssemblies (3ms)
				RefreshPlugins (1ms)
				BeforeProcessingInitializeOnLoad (1510ms)
				ProcessInitializeOnLoadAttributes (2608ms)
				ProcessInitializeOnLoadMethodAttributes (240ms)
				AfterProcessingInitializeOnLoad (118ms)
				EditorAssembliesLoaded (0ms)
			ExecutionOrderSort2 (0ms)
			AwakeInstancesAfterBackupRestoration (30ms)
Platform modules already initialized, skipping
Refreshing native plugins compatible for Editor in 53.14 ms, found 3 plugins.
Preloading 0 native plugins for Editor in 0.00 ms.
Unloading 3043 Unused Serialized files (Serialized files now loaded: 0)
Unloading 17 unused Assets / (79.9 KB). Loaded Objects now: 3556.
Memory consumption went from 112.1 MB to 112.0 MB.
Total: 32.363200 ms (FindLiveObjects: 1.118800 ms CreateObjectMapping: 0.256600 ms MarkObjects: 30.808200 ms  DeleteObjects: 0.177700 ms)

AssetImportParameters requested are different than current active one (requested -> active):
  custom:video-decoder-ogg-theora: a1e56fd34408186e4bbccfd4996cb3dc -> 
  custom:container-muxer-webm: aa71ff27fc2769a1b78a27578f13a17b -> 
  custom:container-demuxer-webm: 4f35f7cbe854078d1ac9338744f61a02 -> 
  custom:video-encoder-webm-vp8: eb34c28f22e8b96e1ab97ce403110664 -> 
  custom:video-codec-MediaFoundation-h265: 746d11721c4dcdbdad8f713fa42b33f4 -> 
  custom:audio-encoder-webm-vorbis: bf7c407c2cedff20999df2af8eb42d56 -> 
  custom:framework-win-MediaFoundation: 216162199b28c13a410421893ffa2e32 -> 
  custom:container-demuxer-ogg: 62fdf1f143b41e24485cea50d1cbac27 -> 
  custom:video-decoder-webm-vp8: 9c59270c3fd7afecdb556c50c9e8de78 -> 
  custom:audio-decoder-ogg-vorbis: bf7c407c2cedff20999df2af8eb42d56 -> 
========================================================================
Received Import Request.
  Time since last request: 183.009782 seconds.
  path: Assets/LightningBolt/Textures/LightningBoltTexture.png
  artifactKey: Guid(f3c182b3297ea764f8b0d7dbe87d6388) Importer(815301076,1909f56bfc062723c751e8b465ee728b)
Start importing Assets/LightningBolt/Textures/LightningBoltTexture.png using Guid(f3c182b3297ea764f8b0d7dbe87d6388) Importer(815301076,1909f56bfc062723c751e8b465ee728b)  -> (artifact id: '4c6d7752c9696eb4f6186cacfd704dec') in 0.636318 seconds 
========================================================================
Received Import Request.
  Time since last request: 0.000037 seconds.
  path: Assets/LightningBolt/Textures/LightningSpriteSheet2.png
  artifactKey: Guid(6a281047ca1e9ac47aec273087024b27) Importer(815301076,1909f56bfc062723c751e8b465ee728b)
Start importing Assets/LightningBolt/Textures/LightningSpriteSheet2.png using Guid(6a281047ca1e9ac47aec273087024b27) Importer(815301076,1909f56bfc062723c751e8b465ee728b)  -> (artifact id: '7a1924b1eff20613ea6889a0d8c6cf6b') in 0.135333 seconds 
========================================================================
Received Import Request.
  Time since last request: 0.000052 seconds.
  path: Assets/LightningBolt/Textures/LightningSpriteSheet1.png
  artifactKey: Guid(d0f02458a804df043aadccef8d69619d) Importer(815301076,1909f56bfc062723c751e8b465ee728b)
Start importing Assets/LightningBolt/Textures/LightningSpriteSheet1.png using Guid(d0f02458a804df043aadccef8d69619d) Importer(815301076,1909f56bfc062723c751e8b465ee728b)  -> (artifact id: '21e82f938e771b2ce18a35d4e7fca6eb') in 0.194166 seconds 
========================================================================
Received Import Request.
  Time since last request: 493.194112 seconds.
  path: Assets/mixkit-strong-close-thunder-explosion-1300.wav
  artifactKey: Guid(94ecc875425f07a47870c25dc1ac3d74) Importer(815301076,1909f56bfc062723c751e8b465ee728b)
Start importing Assets/mixkit-strong-close-thunder-explosion-1300.wav using Guid(94ecc875425f07a47870c25dc1ac3d74) Importer(815301076,1909f56bfc062723c751e8b465ee728b)  -> (artifact id: '509483bd8940d6c4b8fa94a587bcae65') in 0.192427 seconds 
========================================================================
Received Import Request.
  Time since last request: 0.938257 seconds.
  path: Assets/Scenes
  artifactKey: Guid(6ea315d0fd7389c41b19996891e99ae3) Importer(815301076,1909f56bfc062723c751e8b465ee728b)
Start importing Assets/Scenes using Guid(6ea315d0fd7389c41b19996891e99ae3) Importer(815301076,1909f56bfc062723c751e8b465ee728b)  -> (artifact id: 'b8193726cff86800c54781cdc6d54904') in 0.006531 seconds 
========================================================================
Received Prepare
Registering precompiled user dll's ...
Registered in 0.027675 seconds.
Begin MonoManager ReloadAssembly
Symbol file LoadedFromMemory doesn't match image D:\studium\unity\Projekt3_New\Unity\My project\Library\PackageCache\com.unity.visualscripting@1.8.0\Editor\VisualScripting.Core\Dependencies\YamlDotNet\Unity.VisualScripting.YamlDotNet.dll
Symbol file LoadedFromMemory doesn't match image D:\studium\unity\Projekt3_New\Unity\My project\Library\PackageCache\com.unity.visualscripting@1.8.0\Editor\VisualScripting.Core\Dependencies\DotNetZip\Unity.VisualScripting.IonicZip.dll
Native extension for WindowsStandalone target not found
Refreshing native plugins compatible for Editor in 0.56 ms, found 3 plugins.
Preloading 0 native plugins for Editor in 0.00 ms.
Mono: successfully reloaded assembly
- Completed reload, in  6.949 seconds
Domain Reload Profiling:
	ReloadAssembly (6955ms)
		BeginReloadAssembly (949ms)
			ExecutionOrderSort (0ms)
			DisableScriptedObjects (59ms)
			BackupInstance (0ms)
			ReleaseScriptingObjects (1ms)
			CreateAndSetChildDomain (178ms)
		EndReloadAssembly (4940ms)
			LoadAssemblies (849ms)
			RebuildTransferFunctionScriptingTraits (0ms)
			SetupTypeCache (2295ms)
			ReleaseScriptCaches (2ms)
			RebuildScriptCaches (257ms)
			SetupLoadedEditorAssemblies (1591ms)
				LogAssemblyErrors (0ms)
				InitializePlatformSupportModulesInManaged (29ms)
				SetLoadedEditorAssemblies (1ms)
				RefreshPlugins (1ms)
				BeforeProcessingInitializeOnLoad (365ms)
				ProcessInitializeOnLoadAttributes (1044ms)
				ProcessInitializeOnLoadMethodAttributes (95ms)
				AfterProcessingInitializeOnLoad (56ms)
				EditorAssembliesLoaded (0ms)
			ExecutionOrderSort2 (0ms)
			AwakeInstancesAfterBackupRestoration (20ms)
Platform modules already initialized, skipping
Refreshing native plugins compatible for Editor in 59.23 ms, found 3 plugins.
Preloading 0 native plugins for Editor in 0.00 ms.
Unloading 3043 Unused Serialized files (Serialized files now loaded: 0)
Unloading 17 unused Assets / (79.8 KB). Loaded Objects now: 3562.
Memory consumption went from 112.1 MB to 112.1 MB.
Total: 42.649800 ms (FindLiveObjects: 2.342500 ms CreateObjectMapping: 12.623100 ms MarkObjects: 27.522700 ms  DeleteObjects: 0.158900 ms)

AssetImportParameters requested are different than current active one (requested -> active):
  custom:video-decoder-ogg-theora: a1e56fd34408186e4bbccfd4996cb3dc -> 
  custom:container-muxer-webm: aa71ff27fc2769a1b78a27578f13a17b -> 
  custom:container-demuxer-webm: 4f35f7cbe854078d1ac9338744f61a02 -> 
  custom:video-encoder-webm-vp8: eb34c28f22e8b96e1ab97ce403110664 -> 
  custom:video-codec-MediaFoundation-h265: 746d11721c4dcdbdad8f713fa42b33f4 -> 
  custom:audio-encoder-webm-vorbis: bf7c407c2cedff20999df2af8eb42d56 -> 
  custom:framework-win-MediaFoundation: 216162199b28c13a410421893ffa2e32 -> 
  custom:container-demuxer-ogg: 62fdf1f143b41e24485cea50d1cbac27 -> 
  custom:video-decoder-webm-vp8: 9c59270c3fd7afecdb556c50c9e8de78 -> 
  custom:audio-decoder-ogg-vorbis: bf7c407c2cedff20999df2af8eb42d56 -> 
========================================================================
Received Prepare
Registering precompiled user dll's ...
Registered in 0.085545 seconds.
Begin MonoManager ReloadAssembly
Symbol file LoadedFromMemory doesn't match image D:\studium\unity\Projekt3_New\Unity\My project\Library\PackageCache\com.unity.visualscripting@1.8.0\Editor\VisualScripting.Core\Dependencies\YamlDotNet\Unity.VisualScripting.YamlDotNet.dll
Symbol file LoadedFromMemory doesn't match image D:\studium\unity\Projekt3_New\Unity\My project\Library\PackageCache\com.unity.visualscripting@1.8.0\Editor\VisualScripting.Core\Dependencies\DotNetZip\Unity.VisualScripting.IonicZip.dll
Native extension for WindowsStandalone target not found
Refreshing native plugins compatible for Editor in 1.29 ms, found 3 plugins.
Preloading 0 native plugins for Editor in 0.00 ms.
Mono: successfully reloaded assembly
- Completed reload, in  8.183 seconds
Domain Reload Profiling:
	ReloadAssembly (8184ms)
		BeginReloadAssembly (953ms)
			ExecutionOrderSort (0ms)
			DisableScriptedObjects (17ms)
			BackupInstance (0ms)
			ReleaseScriptingObjects (1ms)
			CreateAndSetChildDomain (157ms)
		EndReloadAssembly (6334ms)
			LoadAssemblies (867ms)
			RebuildTransferFunctionScriptingTraits (0ms)
			SetupTypeCache (2905ms)
			ReleaseScriptCaches (7ms)
			RebuildScriptCaches (559ms)
			SetupLoadedEditorAssemblies (1517ms)
				LogAssemblyErrors (0ms)
				InitializePlatformSupportModulesInManaged (70ms)
				SetLoadedEditorAssemblies (1ms)
				RefreshPlugins (2ms)
				BeforeProcessingInitializeOnLoad (421ms)
				ProcessInitializeOnLoadAttributes (952ms)
				ProcessInitializeOnLoadMethodAttributes (43ms)
				AfterProcessingInitializeOnLoad (28ms)
				EditorAssembliesLoaded (0ms)
			ExecutionOrderSort2 (0ms)
			AwakeInstancesAfterBackupRestoration (10ms)
Platform modules already initialized, skipping
Refreshing native plugins compatible for Editor in 3.87 ms, found 3 plugins.
Preloading 0 native plugins for Editor in 0.00 ms.
Unloading 3043 Unused Serialized files (Serialized files now loaded: 0)
Unloading 17 unused Assets / (79.8 KB). Loaded Objects now: 3565.
Memory consumption went from 112.1 MB to 112.1 MB.
Total: 10.114100 ms (FindLiveObjects: 0.688800 ms CreateObjectMapping: 0.431500 ms MarkObjects: 8.719700 ms  DeleteObjects: 0.271300 ms)

AssetImportParameters requested are different than current active one (requested -> active):
  custom:video-decoder-ogg-theora: a1e56fd34408186e4bbccfd4996cb3dc -> 
  custom:container-muxer-webm: aa71ff27fc2769a1b78a27578f13a17b -> 
  custom:container-demuxer-webm: 4f35f7cbe854078d1ac9338744f61a02 -> 
  custom:video-encoder-webm-vp8: eb34c28f22e8b96e1ab97ce403110664 -> 
  custom:video-codec-MediaFoundation-h265: 746d11721c4dcdbdad8f713fa42b33f4 -> 
  custom:audio-encoder-webm-vorbis: bf7c407c2cedff20999df2af8eb42d56 -> 
  custom:framework-win-MediaFoundation: 216162199b28c13a410421893ffa2e32 -> 
  custom:container-demuxer-ogg: 62fdf1f143b41e24485cea50d1cbac27 -> 
  custom:video-decoder-webm-vp8: 9c59270c3fd7afecdb556c50c9e8de78 -> 
  custom:audio-decoder-ogg-vorbis: bf7c407c2cedff20999df2af8eb42d56 -> 
========================================================================
Received Import Request.
  Time since last request: 99.339612 seconds.
  path: Assets
  artifactKey: Guid(00000000000000001000000000000000) Importer(815301076,1909f56bfc062723c751e8b465ee728b)
Start importing Assets using Guid(00000000000000001000000000000000) Importer(815301076,1909f56bfc062723c751e8b465ee728b)  -> (artifact id: '79842766b460edbeab6a34051e857a80') in 0.014663 seconds 
========================================================================
Received Prepare
Registering precompiled user dll's ...
Registered in 0.026825 seconds.
Begin MonoManager ReloadAssembly
Symbol file LoadedFromMemory doesn't match image D:\studium\unity\Projekt3_New\Unity\My project\Library\PackageCache\com.unity.visualscripting@1.8.0\Editor\VisualScripting.Core\Dependencies\YamlDotNet\Unity.VisualScripting.YamlDotNet.dll
Symbol file LoadedFromMemory doesn't match image D:\studium\unity\Projekt3_New\Unity\My project\Library\PackageCache\com.unity.visualscripting@1.8.0\Editor\VisualScripting.Core\Dependencies\DotNetZip\Unity.VisualScripting.IonicZip.dll
Native extension for WindowsStandalone target not found
Refreshing native plugins compatible for Editor in 1.67 ms, found 3 plugins.
Preloading 0 native plugins for Editor in 0.00 ms.
Mono: successfully reloaded assembly
- Completed reload, in  1.990 seconds
Domain Reload Profiling:
	ReloadAssembly (1992ms)
		BeginReloadAssembly (311ms)
			ExecutionOrderSort (0ms)
			DisableScriptedObjects (11ms)
			BackupInstance (0ms)
			ReleaseScriptingObjects (0ms)
			CreateAndSetChildDomain (78ms)
		EndReloadAssembly (1479ms)
			LoadAssemblies (232ms)
			RebuildTransferFunctionScriptingTraits (0ms)
			SetupTypeCache (475ms)
			ReleaseScriptCaches (6ms)
			RebuildScriptCaches (76ms)
			SetupLoadedEditorAssemblies (659ms)
				LogAssemblyErrors (0ms)
				InitializePlatformSupportModulesInManaged (20ms)
				SetLoadedEditorAssemblies (1ms)
				RefreshPlugins (2ms)
				BeforeProcessingInitializeOnLoad (208ms)
				ProcessInitializeOnLoadAttributes (367ms)
				ProcessInitializeOnLoadMethodAttributes (37ms)
				AfterProcessingInitializeOnLoad (23ms)
				EditorAssembliesLoaded (0ms)
			ExecutionOrderSort2 (0ms)
			AwakeInstancesAfterBackupRestoration (11ms)
Platform modules already initialized, skipping
Refreshing native plugins compatible for Editor in 12.24 ms, found 3 plugins.
Preloading 0 native plugins for Editor in 0.00 ms.
Unloading 3044 Unused Serialized files (Serialized files now loaded: 0)
Unloading 17 unused Assets / (79.9 KB). Loaded Objects now: 3569.
Memory consumption went from 112.2 MB to 112.1 MB.
Total: 7.919100 ms (FindLiveObjects: 0.284700 ms CreateObjectMapping: 0.549500 ms MarkObjects: 6.945600 ms  DeleteObjects: 0.138000 ms)

AssetImportParameters requested are different than current active one (requested -> active):
  custom:video-decoder-ogg-theora: a1e56fd34408186e4bbccfd4996cb3dc -> 
  custom:container-muxer-webm: aa71ff27fc2769a1b78a27578f13a17b -> 
  custom:container-demuxer-webm: 4f35f7cbe854078d1ac9338744f61a02 -> 
  custom:video-encoder-webm-vp8: eb34c28f22e8b96e1ab97ce403110664 -> 
  custom:video-codec-MediaFoundation-h265: 746d11721c4dcdbdad8f713fa42b33f4 -> 
  custom:audio-encoder-webm-vorbis: bf7c407c2cedff20999df2af8eb42d56 -> 
  custom:framework-win-MediaFoundation: 216162199b28c13a410421893ffa2e32 -> 
  custom:container-demuxer-ogg: 62fdf1f143b41e24485cea50d1cbac27 -> 
  custom:video-decoder-webm-vp8: 9c59270c3fd7afecdb556c50c9e8de78 -> 
  custom:audio-decoder-ogg-vorbis: bf7c407c2cedff20999df2af8eb42d56 -> 
========================================================================
Received Import Request.
  Time since last request: 34.638207 seconds.
  path: Assets/thunderbolt.cs
  artifactKey: Guid(6d95827e4d3794b43a85e7dd4e20b390) Importer(815301076,1909f56bfc062723c751e8b465ee728b)
Start importing Assets/thunderbolt.cs using Guid(6d95827e4d3794b43a85e7dd4e20b390) Importer(815301076,1909f56bfc062723c751e8b465ee728b)  -> (artifact id: '3d9c37b4117c7e62d7a434bdc38ee9af') in 0.052764 seconds 
========================================================================
Received Import Request.
  Time since last request: 391.793176 seconds.
  path: Assets/thunderbolt.cs
  artifactKey: Guid(6d95827e4d3794b43a85e7dd4e20b390) Importer(815301076,1909f56bfc062723c751e8b465ee728b)
Start importing Assets/thunderbolt.cs using Guid(6d95827e4d3794b43a85e7dd4e20b390) Importer(815301076,1909f56bfc062723c751e8b465ee728b)  -> (artifact id: 'fa872b6c360343f2c7e32584b5bad1e3') in 0.004417 seconds 
========================================================================
Received Import Request.
  Time since last request: 12.040187 seconds.
  path: Assets/thunderbolt.cs
  artifactKey: Guid(6d95827e4d3794b43a85e7dd4e20b390) Importer(815301076,1909f56bfc062723c751e8b465ee728b)
Start importing Assets/thunderbolt.cs using Guid(6d95827e4d3794b43a85e7dd4e20b390) Importer(815301076,1909f56bfc062723c751e8b465ee728b)  -> (artifact id: '5bad3c1fb0bcb7d678b910f52e233c72') in 0.008522 seconds 
========================================================================
Received Import Request.
  Time since last request: 588.329749 seconds.
  path: Assets/thunderbolt.cs
  artifactKey: Guid(6d95827e4d3794b43a85e7dd4e20b390) Importer(815301076,1909f56bfc062723c751e8b465ee728b)
Start importing Assets/thunderbolt.cs using Guid(6d95827e4d3794b43a85e7dd4e20b390) Importer(815301076,1909f56bfc062723c751e8b465ee728b)  -> (artifact id: '12551365db99b1e0f9f86ee83fef4961') in 0.003821 seconds 
========================================================================
Received Import Request.
  Time since last request: 20.321784 seconds.
  path: Assets/thunderbolt.cs
  artifactKey: Guid(6d95827e4d3794b43a85e7dd4e20b390) Importer(815301076,1909f56bfc062723c751e8b465ee728b)
Start importing Assets/thunderbolt.cs using Guid(6d95827e4d3794b43a85e7dd4e20b390) Importer(815301076,1909f56bfc062723c751e8b465ee728b)  -> (artifact id: '0a05020076e82eb8256907069c640868') in 0.007942 seconds 
========================================================================
Received Prepare
Registering precompiled user dll's ...
Registered in 0.019949 seconds.
Begin MonoManager ReloadAssembly
Symbol file LoadedFromMemory doesn't match image D:\studium\unity\Projekt3_New\Unity\My project\Library\PackageCache\com.unity.visualscripting@1.8.0\Editor\VisualScripting.Core\Dependencies\YamlDotNet\Unity.VisualScripting.YamlDotNet.dll
Symbol file LoadedFromMemory doesn't match image D:\studium\unity\Projekt3_New\Unity\My project\Library\PackageCache\com.unity.visualscripting@1.8.0\Editor\VisualScripting.Core\Dependencies\DotNetZip\Unity.VisualScripting.IonicZip.dll
Native extension for WindowsStandalone target not found
Refreshing native plugins compatible for Editor in 1.14 ms, found 3 plugins.
Preloading 0 native plugins for Editor in 0.00 ms.
Mono: successfully reloaded assembly
